{
  "stats": {
    "suites": 1,
    "tests": 1,
    "passes": 1,
    "pending": 0,
    "failures": 0,
    "start": "2023-09-03T09:10:29.503Z",
    "end": "2023-09-03T09:10:35.581Z",
    "duration": 6078,
    "testsRegistered": 1,
    "passPercent": 100,
    "pendingPercent": 0,
    "other": 0,
    "hasOther": false,
    "skipped": 0,
    "hasSkipped": false
  },
  "results": [
    {
      "uuid": "f07b10ff-3ca0-499d-bd6c-53b950492f13",
      "title": "",
      "fullFile": "cypress\\e2e\\Header.cy.js",
      "file": "cypress\\e2e\\Header.cy.js",
      "beforeHooks": [],
      "afterHooks": [],
      "tests": [],
      "suites": [
        {
          "uuid": "9c481412-f40f-4080-963a-724f51bd19ef",
          "title": "Header Component",
          "fullFile": "",
          "file": "",
          "beforeHooks": [],
          "afterHooks": [],
          "tests": [
            {
              "title": "Navigates to different routes",
              "fullTitle": "Header Component Navigates to different routes",
              "timedOut": null,
              "duration": 2612,
              "state": "passed",
              "speed": "fast",
              "pass": true,
              "fail": false,
              "pending": false,
              "context": null,
              "code": "cy.visit('https://main.d2lrktgk8dd87c.amplifyapp.com/'); // Change to your app's URL\n// Click on \"PROFILE\" link\ncy.contains('PROFILE').click();\ncy.url().should('include', '/profile');\n// Go back to the home page\ncy.go('back');\ncy.url().should('not.include', '/profile');\n// Click on \"WORKOUT\" link\ncy.contains('WORKOUT').click();\ncy.url().should('include', '/workout');\n// Go back to the home page\ncy.go('back');\ncy.url().should('not.include', '/workout');\n// Click on \"HOME\" link\ncy.contains('HOME').click();\ncy.url().should('equal', 'https://main.d2lrktgk8dd87c.amplifyapp.com/'); // Change to your home URL",
              "err": {},
              "uuid": "bf8f0afb-167b-49dd-b846-b6fad2767bb4",
              "parentUUID": "9c481412-f40f-4080-963a-724f51bd19ef",
              "isHook": false,
              "skipped": false
            }
          ],
          "suites": [],
          "passes": [
            "bf8f0afb-167b-49dd-b846-b6fad2767bb4"
          ],
          "failures": [],
          "pending": [],
          "skipped": [],
          "duration": 2612,
          "root": false,
          "rootEmpty": false,
          "_timeout": 2000
        }
      ],
      "passes": [],
      "failures": [],
      "pending": [],
      "skipped": [],
      "duration": 0,
      "root": true,
      "rootEmpty": true,
      "_timeout": 2000
    }
  ],
  "meta": {
    "mocha": {
      "version": "7.0.1"
    },
    "mochawesome": {
      "options": {
        "quiet": false,
        "reportFilename": "mochawesome",
        "saveHtml": false,
        "saveJson": true,
        "consoleReporter": "spec",
        "useInlineDiffs": false,
        "code": true
      },
      "version": "7.1.3"
    },
    "marge": {
      "options": {
        "reportDir": "cypress/report/mochawesome-report",
        "overwrite": false,
        "html": false,
        "json": true,
        "timestamp": "mmddyyyy_HHMMss"
      },
      "version": "6.2.0"
    }
  }
}