{
  "stats": {
    "suites": 1,
    "tests": 1,
    "passes": 1,
    "pending": 0,
    "failures": 0,
    "start": "2023-09-02T12:24:20.770Z",
    "end": "2023-09-02T12:24:26.408Z",
    "duration": 5638,
    "testsRegistered": 1,
    "passPercent": 100,
    "pendingPercent": 0,
    "other": 0,
    "hasOther": false,
    "skipped": 0,
    "hasSkipped": false
  },
  "results": [
    {
      "uuid": "36aebbc1-3099-4e43-87b5-61c9c8864e47",
      "title": "",
      "fullFile": "cypress\\e2e\\Header.cy.js",
      "file": "cypress\\e2e\\Header.cy.js",
      "beforeHooks": [],
      "afterHooks": [],
      "tests": [],
      "suites": [
        {
          "uuid": "51e361e7-2c89-4d9c-979f-2da6c65f2cc8",
          "title": "Header Component",
          "fullFile": "",
          "file": "",
          "beforeHooks": [],
          "afterHooks": [],
          "tests": [
            {
              "title": "Navigates to different routes",
              "fullTitle": "Header Component Navigates to different routes",
              "timedOut": null,
              "duration": 2988,
              "state": "passed",
              "speed": "fast",
              "pass": true,
              "fail": false,
              "pending": false,
              "context": null,
              "code": "cy.visit('https://main.d2lrktgk8dd87c.amplifyapp.com/'); // Change to your app's URL\n// Click on \"PROFILE\" link\ncy.contains('PROFILE').click();\ncy.url().should('include', '/profile');\n// Go back to the home page\ncy.go('back');\ncy.url().should('not.include', '/profile');\n// Click on \"WORKOUT\" link\ncy.contains('WORKOUT').click();\ncy.url().should('include', '/workout');\n// Go back to the home page\ncy.go('back');\ncy.url().should('not.include', '/workout');\n// Click on \"HOME\" link\ncy.contains('HOME').click();\ncy.url().should('equal', 'https://main.d2lrktgk8dd87c.amplifyapp.com/'); // Change to your home URL",
              "err": {},
              "uuid": "fbd8f8f3-8632-40dc-9652-08809ea747f0",
              "parentUUID": "51e361e7-2c89-4d9c-979f-2da6c65f2cc8",
              "isHook": false,
              "skipped": false
            }
          ],
          "suites": [],
          "passes": [
            "fbd8f8f3-8632-40dc-9652-08809ea747f0"
          ],
          "failures": [],
          "pending": [],
          "skipped": [],
          "duration": 2988,
          "root": false,
          "rootEmpty": false,
          "_timeout": 2000
        }
      ],
      "passes": [],
      "failures": [],
      "pending": [],
      "skipped": [],
      "duration": 0,
      "root": true,
      "rootEmpty": true,
      "_timeout": 2000
    }
  ],
  "meta": {
    "mocha": {
      "version": "7.0.1"
    },
    "mochawesome": {
      "options": {
        "quiet": false,
        "reportFilename": "mochawesome",
        "saveHtml": false,
        "saveJson": true,
        "consoleReporter": "spec",
        "useInlineDiffs": false,
        "code": true
      },
      "version": "7.1.3"
    },
    "marge": {
      "options": {
        "reportDir": "cypress/report/mochawesome-report",
        "overwrite": false,
        "html": false,
        "json": true,
        "timestamp": "mmddyyyy_HHMMss"
      },
      "version": "6.2.0"
    }
  }
}